<?xml version="1.0" encoding="UTF-8"?>
<!-- Generated by org.testng.reporters.JUnitReportReporter -->
<testsuite hostname="DESKTOP-UP2LI8Q" failures="0" tests="2" name="com.viridium.qa.tests.TestCases" time="5.850" errors="0" timestamp="2024-04-19T12:10:45 IST" skipped="0">
  <testcase classname="com.viridium.qa.tests.TestCases" name="login" time="2.926"/>
  <system-out/>
  <testcase classname="com.viridium.qa.tests.TestCases" name="login" time="2.924"/>
  <system-out/>
</testsuite> <!-- com.viridium.qa.tests.TestCases -->
