<?xml version="1.0" encoding="UTF-8"?>
<!-- Generated by org.testng.reporters.JUnitReportReporter -->
<testsuite hostname="DESKTOP-UP2LI8Q" failures="0" tests="10" name="com.viridium.qa.tests.TestCases" time="7.485" errors="0" timestamp="2024-04-19T15:08:48 IST" skipped="0">
  <testcase classname="com.viridium.qa.tests.TestCases" name="login" time="3.386"/>
  <system-out/>
  <testcase classname="com.viridium.qa.tests.TestCases" name="login" time="3.470"/>
  <system-out/>
  <testcase classname="com.viridium.qa.tests.TestCases" name="checkProductProfitabilityMenuVisible" time="0.125"/>
  <system-out/>
  <testcase classname="com.viridium.qa.tests.TestCases" name="checkProductProfitabilityMenuVisible" time="0.199"/>
  <system-out/>
  <testcase classname="com.viridium.qa.tests.TestCases" name="checkCarbonEmissionMenuVisible" time="0.048"/>
  <system-out/>
  <testcase classname="com.viridium.qa.tests.TestCases" name="checkCarbonEmissionMenuVisible" time="0.055"/>
  <system-out/>
  <testcase classname="com.viridium.qa.tests.TestCases" name="checkPFASCHemicalsMenuVisible" time="0.047"/>
  <system-out/>
  <testcase classname="com.viridium.qa.tests.TestCases" name="checkPFASCHemicalsMenuVisible" time="0.054"/>
  <system-out/>
  <testcase classname="com.viridium.qa.tests.TestCases" name="checkRegulatoryReportsMenuVisible" time="0.053"/>
  <system-out/>
  <testcase classname="com.viridium.qa.tests.TestCases" name="checkRegulatoryReportsMenuVisible" time="0.048"/>
  <system-out/>
</testsuite> <!-- com.viridium.qa.tests.TestCases -->
